<?xml version="1.0" encoding="UTF-8"?>
<!-- Generated by org.testng.reporters.JUnitReportReporter -->
<testsuite skipped="0" hostname="DESKTOP-JI7FKHF" name="qsp1.Demo1" tests="2" failures="0" timestamp="21 Jul 2021 08:35:51 GMT" time="0.033" errors="0">
  <testcase name="Test1" time="0.004" classname="qsp1.Demo1"/>
  <testcase name="test2" time="0.029" classname="qsp1.Demo1"/>
</testsuite> <!-- qsp1.Demo1 -->
